<?xml version="1.0" encoding="utf-8"?><testsuites name="pytest tests"><testsuite name="pytest" errors="0" failures="0" skipped="0" tests="10" time="1.737" timestamp="2026-07-20T19:45:03.304893+00:00" hostname="agent-env-a28c2f05-cf3c-432b-b433-a575a1126347"><testcase classname="tests.test_auth" name="test_me_unauthenticated_returns_401" time="0.285" /><testcase classname="tests.test_auth" name="test_enquiries_get_unauthenticated_returns_401" time="0.053" /><testcase classname="tests.test_auth" name="test_enquiries_get_bad_token_returns_401" time="0.059" /><testcase classname="tests.test_auth" name="test_session_create_with_invalid_session_id" time="0.142" /><testcase classname="tests.test_auth" name="test_session_create_missing_session_id" time="0.050" /><testcase classname="tests.test_auth" name="test_public_post_enquiry_still_works" time="0.051" /><testcase classname="tests.test_auth" name="test_me_with_bearer_returns_user" time="0.069" /><testcase classname="tests.test_auth" name="test_enquiries_with_bearer_returns_list" time="0.101" /><testcase classname="tests.test_auth" name="test_logout_invalidates_session" time="0.148" /><testcase classname="tests.test_auth" name="test_expired_session_returns_401" time="0.052" /></testsuite></testsuites>