<?xml version="1.0" encoding="utf-8"?><testsuites name="pytest tests"><testsuite name="pytest" errors="0" failures="0" skipped="0" tests="18" time="2.815" timestamp="2026-07-20T19:45:44.724563+00:00" hostname="agent-env-a28c2f05-cf3c-432b-b433-a575a1126347"><testcase classname="tests.backend_test" name="test_root_health" time="0.245" /><testcase classname="tests.test_auth" name="test_me_unauthenticated_returns_401" time="0.229" /><testcase classname="tests.test_auth" name="test_enquiries_get_unauthenticated_returns_401" time="0.072" /><testcase classname="tests.backend_test" name="test_create_enquiry_valid" time="0.126" /><testcase classname="tests.test_auth" name="test_enquiries_get_bad_token_returns_401" time="0.131" /><testcase classname="tests.backend_test" name="test_create_enquiry_missing_name" time="0.062" /><testcase classname="tests.test_auth" name="test_session_create_with_invalid_session_id" time="0.331" /><testcase classname="tests.backend_test" name="test_create_enquiry_missing_email" time="0.063" /><testcase classname="tests.backend_test" name="test_create_enquiry_missing_message" time="0.063" /><testcase classname="tests.backend_test" name="test_create_enquiry_missing_field_422" time="0.060" /><testcase classname="tests.backend_test" name="test_list_enquiries_sorted_desc" time="1.329" /><testcase classname="tests.test_auth" name="test_session_create_missing_session_id" time="0.053" /><testcase classname="tests.test_auth" name="test_public_post_enquiry_still_works" time="0.067" /><testcase classname="tests.test_auth" name="test_me_with_bearer_returns_user" time="0.054" /><testcase classname="tests.test_auth" name="test_enquiries_with_bearer_returns_list" time="0.108" /><testcase classname="tests.test_auth" name="test_logout_invalidates_session" time="0.156" /><testcase classname="tests.test_auth" name="test_expired_session_returns_401" time="0.053" /><testcase classname="tests.backend_test" name="test_stats" time="0.062" /></testsuite></testsuites>