<?xml version="1.0" encoding="utf-8"?><testsuites name="pytest tests"><testsuite name="pytest" errors="0" failures="0" skipped="0" tests="8" time="2.348" timestamp="2026-07-20T19:25:54.223396+00:00" hostname="agent-env-a28c2f05-cf3c-432b-b433-a575a1126347"><testcase classname="tests.backend_test" name="test_root_health" time="0.205" /><testcase classname="tests.backend_test" name="test_create_enquiry_valid" time="0.062" /><testcase classname="tests.backend_test" name="test_create_enquiry_missing_name" time="0.059" /><testcase classname="tests.backend_test" name="test_create_enquiry_missing_email" time="0.056" /><testcase classname="tests.backend_test" name="test_create_enquiry_missing_message" time="0.062" /><testcase classname="tests.backend_test" name="test_create_enquiry_missing_field_422" time="0.057" /><testcase classname="tests.backend_test" name="test_list_enquiries_sorted_desc" time="1.289" /><testcase classname="tests.backend_test" name="test_stats" time="0.060" /></testsuite></testsuites>